Using pre-set license
Built from '2020.3/staging' branch; Version is '2020.3.0f1 (c7b5465681fb) revision 13088070'; Using compiler version '192528614'; Build Type 'Release'
OS: 'Windows 10 Pro; OS build 19041.985; Version 2004; 64bit' Language: 'en' Physical Memory: 8071 MB
BatchMode: 1, IsHumanControllingUs: 0, StartBugReporterOnCrash: 0, Is64bit: 1, IsPro: 0

 COMMAND LINE ARGUMENTS:
C:\Program Files\Unity\Hub\Editor\2020.3.0f1\Editor\Unity.exe
-adb2
-batchMode
-noUpm
-name
AssetImportWorker0
-projectPath
C:/Users/omri2/OneDrive/Documents/GitHub/vr42/A
-logFile
Logs/AssetImportWorker0.log
-srvPort
54206
Successfully changed project path to: C:/Users/omri2/OneDrive/Documents/GitHub/vr42/A
C:/Users/omri2/OneDrive/Documents/GitHub/vr42/A
Using Asset Import Pipeline V2.
Refreshing native plugins compatible for Editor in 102.08 ms, found 4 plugins.
Preloading 1 native plugins for Editor in 10.19 ms.
Initialize engine version: 2020.3.0f1 (c7b5465681fb)
[Subsystems] Discovering subsystems at path C:/Program Files/Unity/Hub/Editor/2020.3.0f1/Editor/Data/Resources/UnitySubsystems
[Subsystems] Discovering subsystems at path C:/Users/omri2/OneDrive/Documents/GitHub/vr42/A/Assets
GfxDevice: creating device client; threaded=0
Direct3D:
    Version:  Direct3D 11.0 [level 11.1]
    Renderer: Intel(R) UHD Graphics 620 (ID=0x5917)
    Vendor:   
    VRAM:     4035 MB
    Driver:   27.20.100.8681
Initialize mono
Mono path[0] = 'C:/Program Files/Unity/Hub/Editor/2020.3.0f1/Editor/Data/Managed'
Mono path[1] = 'C:/Program Files/Unity/Hub/Editor/2020.3.0f1/Editor/Data/MonoBleedingEdge/lib/mono/unityjit'
Mono config path = 'C:/Program Files/Unity/Hub/Editor/2020.3.0f1/Editor/Data/MonoBleedingEdge/etc'
Using monoOptions --debugger-agent=transport=dt_socket,embedding=1,server=y,suspend=n,address=127.0.0.1:56592
Begin MonoManager ReloadAssembly
Registering precompiled unity dll's ...
Register platform support module: C:/Program Files/Unity/Hub/Editor/2020.3.0f1/Editor/Data/PlaybackEngines/WindowsStandaloneSupport/UnityEditor.WindowsStandalone.Extensions.dll
Registered in 0.002202 seconds.
Native extension for WindowsStandalone target not found
Refreshing native plugins compatible for Editor in 59.72 ms, found 4 plugins.
Preloading 1 native plugins for Editor in 0.14 ms.
Invoked RoslynAnalysisRunner static constructor.
RoslynAnalysisRunner will not be running.
RoslynAnalysisRunner has terminated.
Mono: successfully reloaded assembly
- Completed reload, in  7.233 seconds
Platform modules already initialized, skipping
Registering precompiled user dll's ...
Registered in 0.006698 seconds.
Begin MonoManager ReloadAssembly
Native extension for WindowsStandalone target not found
Refreshing native plugins compatible for Editor in 73.55 ms, found 4 plugins.
Preloading 1 native plugins for Editor in 0.13 ms.
Invoked RoslynAnalysisRunner static constructor.
RoslynAnalysisRunner will not be running.
RoslynAnalysisRunner has terminated.
[XR] OculusXRPlugin: registering subsystems
[XR] Unable to register display lifecyle provider: [1]
[XR] Oculus Input lifecycle provider registered.
[XR] Unable to register input lifecyle provider: [1]
NullReferenceException: Object reference not set to an instance of an object
  at Unity.XR.Oculus.OculusLoader.AssetPathToAbsolutePath (System.String assetPath) [0x00048] in C:\Users\omri2\OneDrive\Documents\GitHub\vr42\A\Library\PackageCache\com.unity.xr.oculus@1.8.1\Runtime\OculusLoader.cs:243 
  at Unity.XR.Oculus.OculusLoader.EditorLoadOVRPlugin () [0x0007b] in C:\Users\omri2\OneDrive\Documents\GitHub\vr42\A\Library\PackageCache\com.unity.xr.oculus@1.8.1\Runtime\OculusLoader.cs:228 

(Filename: Library/PackageCache/com.unity.xr.oculus@1.8.1/Runtime/OculusLoader.cs Line: 243)

Mono: successfully reloaded assembly
- Completed reload, in  1.325 seconds
Platform modules already initialized, skipping
========================================================================
Worker process is ready to serve import requests
Shader 'Universal Render Pipeline/Particles/Lit': fallback shader 'Universal Render Pipeline/Particles/SimpleLit' not found
Shader 'Universal Render Pipeline/Particles/Lit': fallback shader 'Universal Render Pipeline/Particles/SimpleLit' not found
Launched and connected shader compiler UnityShaderCompiler.exe after 0.10 seconds
Refreshing native plugins compatible for Editor in 1.27 ms, found 4 plugins.
Preloading 1 native plugins for Editor in 0.20 ms.
Unloading 2951 Unused Serialized files (Serialized files now loaded: 0)
System memory in use before: 130.1 MB.
System memory in use after: 127.9 MB.

Unloading 48 unused Assets to reduce memory usage. Loaded Objects now: 3363.
Total: 7.942700 ms (FindLiveObjects: 0.742800 ms CreateObjectMapping: 0.327000 ms MarkObjects: 4.575800 ms  DeleteObjects: 2.294000 ms)

========================================================================
Received Import Request.
  path: Assets/Scripts/InputMaster.inputactions
  artifactKey: Guid(a49002c81b0c0984298759d67f4bf1ac) Importer(815301076,1909f56bfc062723c751e8b465ee728b)
Start importing Assets/Scripts/InputMaster.inputactions using Guid(a49002c81b0c0984298759d67f4bf1ac) Importer(815301076,1909f56bfc062723c751e8b465ee728b)  -> (artifact id: '8acc3c10121171c76d361fc325799137') in 0.103703 seconds
  Import took 0.116009 seconds .

========================================================================
Received Prepare
Shader 'Universal Render Pipeline/Particles/Lit': fallback shader 'Universal Render Pipeline/Particles/SimpleLit' not found
Shader 'Universal Render Pipeline/Particles/Lit': fallback shader 'Universal Render Pipeline/Particles/SimpleLit' not found
Refreshing native plugins compatible for Editor in 1.79 ms, found 4 plugins.
Preloading 1 native plugins for Editor in 0.09 ms.
Unloading 38 Unused Serialized files (Serialized files now loaded: 0)
System memory in use before: 70.9 MB.
System memory in use after: 68.7 MB.

Unloading 38 unused Assets to reduce memory usage. Loaded Objects now: 3363.
Total: 6.905400 ms (FindLiveObjects: 0.991100 ms CreateObjectMapping: 0.239200 ms MarkObjects: 4.273800 ms  DeleteObjects: 1.399300 ms)

========================================================================
Received Import Request.
  Time since last request: 303.341508 seconds.
  path: Assets/Scripts/InputMaster.inputactions
  artifactKey: Guid(a49002c81b0c0984298759d67f4bf1ac) Importer(815301076,1909f56bfc062723c751e8b465ee728b)
Start importing Assets/Scripts/InputMaster.inputactions using Guid(a49002c81b0c0984298759d67f4bf1ac) Importer(815301076,1909f56bfc062723c751e8b465ee728b)  -> (artifact id: '50d01cd5ded5215270eaade045ebd542') in 0.013278 seconds
  Import took 0.027862 seconds .

========================================================================
Received Import Request.
  Time since last request: 0.096467 seconds.
  path: Assets/Scripts/InputMaster.inputactions
  artifactKey: Guid(a49002c81b0c0984298759d67f4bf1ac) Importer(815301076,1909f56bfc062723c751e8b465ee728b)
Start importing Assets/Scripts/InputMaster.inputactions using Guid(a49002c81b0c0984298759d67f4bf1ac) Importer(815301076,1909f56bfc062723c751e8b465ee728b)  -> (artifact id: '50d01cd5ded5215270eaade045ebd542') in 0.007198 seconds
  Import took 0.017318 seconds .

========================================================================
Received Prepare
Registering precompiled user dll's ...
Registered in 0.015576 seconds.
Begin MonoManager ReloadAssembly
Native extension for WindowsStandalone target not found
Refreshing native plugins compatible for Editor in 0.91 ms, found 4 plugins.
Preloading 1 native plugins for Editor in 0.15 ms.
Invoked RoslynAnalysisRunner static constructor.
RoslynAnalysisRunner will not be running.
RoslynAnalysisRunner has terminated.
NullReferenceException: Object reference not set to an instance of an object
  at Unity.XR.Oculus.OculusLoader.AssetPathToAbsolutePath (System.String assetPath) [0x00048] in C:\Users\omri2\OneDrive\Documents\GitHub\vr42\A\Library\PackageCache\com.unity.xr.oculus@1.8.1\Runtime\OculusLoader.cs:243 
  at Unity.XR.Oculus.OculusLoader.EditorLoadOVRPlugin () [0x0007b] in C:\Users\omri2\OneDrive\Documents\GitHub\vr42\A\Library\PackageCache\com.unity.xr.oculus@1.8.1\Runtime\OculusLoader.cs:228 

(Filename: Library/PackageCache/com.unity.xr.oculus@1.8.1/Runtime/OculusLoader.cs Line: 243)

Mono: successfully reloaded assembly
- Completed reload, in  1.324 seconds
Platform modules already initialized, skipping
Switching build target platform(5) subTarget(0) extendedPlatform(0) -> platform(13) subTarget(524288) extendedPlatform(0)
Shader 'Universal Render Pipeline/Particles/Lit': fallback shader 'Universal Render Pipeline/Particles/SimpleLit' not found
Shader 'Universal Render Pipeline/Particles/Lit': fallback shader 'Universal Render Pipeline/Particles/SimpleLit' not found
Refreshing native plugins compatible for Editor in 0.64 ms, found 4 plugins.
Preloading 1 native plugins for Editor in 0.10 ms.
Unloading 2861 Unused Serialized files (Serialized files now loaded: 0)
System memory in use before: 126.0 MB.
System memory in use after: 123.9 MB.

Unloading 41 unused Assets to reduce memory usage. Loaded Objects now: 3367.
Total: 4.739900 ms (FindLiveObjects: 0.515400 ms CreateObjectMapping: 0.218100 ms MarkObjects: 2.592600 ms  DeleteObjects: 1.410600 ms)

AssetImportParameters requested are different than current active one (requested -> active):
  custom:graphics/normal-map-encoding: 01000000000000000000000000000000 -> 02000000000000000000000000000000
========================================================================
Received Prepare
Registering precompiled user dll's ...
Registered in 0.013148 seconds.
Begin MonoManager ReloadAssembly
Native extension for WindowsStandalone target not found
Refreshing native plugins compatible for Editor in 0.71 ms, found 4 plugins.
Preloading 1 native plugins for Editor in 0.10 ms.
Invoked RoslynAnalysisRunner static constructor.
RoslynAnalysisRunner will not be running.
RoslynAnalysisRunner has terminated.
NullReferenceException: Object reference not set to an instance of an object
  at Unity.XR.Oculus.OculusLoader.AssetPathToAbsolutePath (System.String assetPath) [0x00048] in C:\Users\omri2\OneDrive\Documents\GitHub\vr42\A\Library\PackageCache\com.unity.xr.oculus@1.8.1\Runtime\OculusLoader.cs:243 
  at Unity.XR.Oculus.OculusLoader.EditorLoadOVRPlugin () [0x0007b] in C:\Users\omri2\OneDrive\Documents\GitHub\vr42\A\Library\PackageCache\com.unity.xr.oculus@1.8.1\Runtime\OculusLoader.cs:228 

(Filename: Library/PackageCache/com.unity.xr.oculus@1.8.1/Runtime/OculusLoader.cs Line: 243)

Mono: successfully reloaded assembly
- Completed reload, in  1.110 seconds
Platform modules already initialized, skipping
Switching build target platform(5) subTarget(0) extendedPlatform(0) -> platform(13) subTarget(524288) extendedPlatform(0)
Shader 'Universal Render Pipeline/Particles/Lit': fallback shader 'Universal Render Pipeline/Particles/SimpleLit' not found
Shader 'Universal Render Pipeline/Particles/Lit': fallback shader 'Universal Render Pipeline/Particles/SimpleLit' not found
Refreshing native plugins compatible for Editor in 1.11 ms, found 4 plugins.
Preloading 1 native plugins for Editor in 0.13 ms.
Unloading 2861 Unused Serialized files (Serialized files now loaded: 0)
System memory in use before: 126.1 MB.
System memory in use after: 123.9 MB.

Unloading 41 unused Assets to reduce memory usage. Loaded Objects now: 3371.
Total: 4.322300 ms (FindLiveObjects: 0.311300 ms CreateObjectMapping: 0.172600 ms MarkObjects: 2.366200 ms  DeleteObjects: 1.470600 ms)

AssetImportParameters requested are different than current active one (requested -> active):
  custom:graphics/normal-map-encoding: 01000000000000000000000000000000 -> 02000000000000000000000000000000
========================================================================
Received Prepare
Registering precompiled user dll's ...
Registered in 0.017060 seconds.
Begin MonoManager ReloadAssembly
Native extension for WindowsStandalone target not found
Refreshing native plugins compatible for Editor in 0.68 ms, found 4 plugins.
Preloading 1 native plugins for Editor in 0.10 ms.
Invoked RoslynAnalysisRunner static constructor.
RoslynAnalysisRunner will not be running.
RoslynAnalysisRunner has terminated.
NullReferenceException: Object reference not set to an instance of an object
  at Unity.XR.Oculus.OculusLoader.AssetPathToAbsolutePath (System.String assetPath) [0x00048] in C:\Users\omri2\OneDrive\Documents\GitHub\vr42\A\Library\PackageCache\com.unity.xr.oculus@1.8.1\Runtime\OculusLoader.cs:243 
  at Unity.XR.Oculus.OculusLoader.EditorLoadOVRPlugin () [0x0007b] in C:\Users\omri2\OneDrive\Documents\GitHub\vr42\A\Library\PackageCache\com.unity.xr.oculus@1.8.1\Runtime\OculusLoader.cs:228 

(Filename: Library/PackageCache/com.unity.xr.oculus@1.8.1/Runtime/OculusLoader.cs Line: 243)

Mono: successfully reloaded assembly
- Completed reload, in  1.186 seconds
Platform modules already initialized, skipping
Switching build target platform(5) subTarget(0) extendedPlatform(0) -> platform(13) subTarget(524288) extendedPlatform(0)
Shader 'Universal Render Pipeline/Particles/Lit': fallback shader 'Universal Render Pipeline/Particles/SimpleLit' not found
Shader 'Universal Render Pipeline/Particles/Lit': fallback shader 'Universal Render Pipeline/Particles/SimpleLit' not found
Refreshing native plugins compatible for Editor in 0.65 ms, found 4 plugins.
Preloading 1 native plugins for Editor in 0.09 ms.
Unloading 2861 Unused Serialized files (Serialized files now loaded: 0)
System memory in use before: 126.1 MB.
System memory in use after: 123.9 MB.

Unloading 41 unused Assets to reduce memory usage. Loaded Objects now: 3375.
Total: 4.433400 ms (FindLiveObjects: 0.287700 ms CreateObjectMapping: 0.124200 ms MarkObjects: 2.503000 ms  DeleteObjects: 1.516400 ms)

AssetImportParameters requested are different than current active one (requested -> active):
  custom:graphics/normal-map-encoding: 01000000000000000000000000000000 -> 02000000000000000000000000000000
========================================================================
Received Prepare
Shader 'Universal Render Pipeline/Particles/Lit': fallback shader 'Universal Render Pipeline/Particles/SimpleLit' not found
Shader 'Universal Render Pipeline/Particles/Lit': fallback shader 'Universal Render Pipeline/Particles/SimpleLit' not found
Refreshing native plugins compatible for Editor in 2.10 ms, found 4 plugins.
Preloading 1 native plugins for Editor in 0.11 ms.
Unloading 38 Unused Serialized files (Serialized files now loaded: 0)
System memory in use before: 71.0 MB.
System memory in use after: 68.8 MB.

Unloading 38 unused Assets to reduce memory usage. Loaded Objects now: 3375.
Total: 6.283200 ms (FindLiveObjects: 0.340900 ms CreateObjectMapping: 0.193300 ms MarkObjects: 3.597500 ms  DeleteObjects: 2.149500 ms)

========================================================================
Received Import Request.
  Time since last request: 545.706234 seconds.
  path: Assets/Scripts/InputMaster.inputactions
  artifactKey: Guid(a49002c81b0c0984298759d67f4bf1ac) Importer(815301076,1909f56bfc062723c751e8b465ee728b)
Start importing Assets/Scripts/InputMaster.inputactions using Guid(a49002c81b0c0984298759d67f4bf1ac) Importer(815301076,1909f56bfc062723c751e8b465ee728b)  -> (artifact id: 'b1cd4c38eff0827cfeb39d8781fb2a81') in 0.100861 seconds
  Import took 0.168043 seconds .

========================================================================
Received Prepare
Registering precompiled user dll's ...
Registered in 0.015333 seconds.
Begin MonoManager ReloadAssembly
Native extension for WindowsStandalone target not found
Refreshing native plugins compatible for Editor in 1.28 ms, found 4 plugins.
Preloading 1 native plugins for Editor in 0.18 ms.
Invoked RoslynAnalysisRunner static constructor.
RoslynAnalysisRunner will not be running.
RoslynAnalysisRunner has terminated.
NullReferenceException: Object reference not set to an instance of an object
  at Unity.XR.Oculus.OculusLoader.AssetPathToAbsolutePath (System.String assetPath) [0x00048] in C:\Users\omri2\OneDrive\Documents\GitHub\vr42\A\Library\PackageCache\com.unity.xr.oculus@1.8.1\Runtime\OculusLoader.cs:243 
  at Unity.XR.Oculus.OculusLoader.EditorLoadOVRPlugin () [0x0007b] in C:\Users\omri2\OneDrive\Documents\GitHub\vr42\A\Library\PackageCache\com.unity.xr.oculus@1.8.1\Runtime\OculusLoader.cs:228 

(Filename: Library/PackageCache/com.unity.xr.oculus@1.8.1/Runtime/OculusLoader.cs Line: 243)

Mono: successfully reloaded assembly
- Completed reload, in  1.509 seconds
Platform modules already initialized, skipping
Switching build target platform(5) subTarget(0) extendedPlatform(0) -> platform(13) subTarget(524288) extendedPlatform(0)
Shader 'Universal Render Pipeline/Particles/Lit': fallback shader 'Universal Render Pipeline/Particles/SimpleLit' not found
Shader 'Universal Render Pipeline/Particles/Lit': fallback shader 'Universal Render Pipeline/Particles/SimpleLit' not found
Refreshing native plugins compatible for Editor in 0.72 ms, found 4 plugins.
Preloading 1 native plugins for Editor in 0.11 ms.
Unloading 2861 Unused Serialized files (Serialized files now loaded: 0)
System memory in use before: 126.1 MB.
System memory in use after: 124.0 MB.

Unloading 41 unused Assets to reduce memory usage. Loaded Objects now: 3379.
Total: 4.416300 ms (FindLiveObjects: 0.303800 ms CreateObjectMapping: 0.132900 ms MarkObjects: 2.449700 ms  DeleteObjects: 1.528100 ms)

AssetImportParameters requested are different than current active one (requested -> active):
  custom:graphics/normal-map-encoding: 01000000000000000000000000000000 -> 02000000000000000000000000000000
========================================================================
Received Import Request.
  Time since last request: 154.639391 seconds.
  path: Assets/Scripts/InputMaster.inputactions
  artifactKey: Guid(a49002c81b0c0984298759d67f4bf1ac) Importer(815301076,1909f56bfc062723c751e8b465ee728b)
Start importing Assets/Scripts/InputMaster.inputactions using Guid(a49002c81b0c0984298759d67f4bf1ac) Importer(815301076,1909f56bfc062723c751e8b465ee728b)  -> (artifact id: 'baeaea0cb576825f0ed2ab26ce7fd2a5') in 0.024653 seconds
  Import took 0.033099 seconds .

========================================================================
Received Import Request.
  Time since last request: 0.068850 seconds.
  path: Assets/Scripts/InputMaster.inputactions
  artifactKey: Guid(a49002c81b0c0984298759d67f4bf1ac) Importer(815301076,1909f56bfc062723c751e8b465ee728b)
Start importing Assets/Scripts/InputMaster.inputactions using Guid(a49002c81b0c0984298759d67f4bf1ac) Importer(815301076,1909f56bfc062723c751e8b465ee728b)  -> (artifact id: 'baeaea0cb576825f0ed2ab26ce7fd2a5') in 0.007318 seconds
  Import took 0.016046 seconds .

========================================================================
Received Prepare
Registering precompiled user dll's ...
Registered in 0.012342 seconds.
Begin MonoManager ReloadAssembly
Native extension for WindowsStandalone target not found
Refreshing native plugins compatible for Editor in 0.71 ms, found 4 plugins.
Preloading 1 native plugins for Editor in 0.10 ms.
Invoked RoslynAnalysisRunner static constructor.
RoslynAnalysisRunner will not be running.
RoslynAnalysisRunner has terminated.
NullReferenceException: Object reference not set to an instance of an object
  at Unity.XR.Oculus.OculusLoader.AssetPathToAbsolutePath (System.String assetPath) [0x00048] in C:\Users\omri2\OneDrive\Documents\GitHub\vr42\A\Library\PackageCache\com.unity.xr.oculus@1.8.1\Runtime\OculusLoader.cs:243 
  at Unity.XR.Oculus.OculusLoader.EditorLoadOVRPlugin () [0x0007b] in C:\Users\omri2\OneDrive\Documents\GitHub\vr42\A\Library\PackageCache\com.unity.xr.oculus@1.8.1\Runtime\OculusLoader.cs:228 

(Filename: Library/PackageCache/com.unity.xr.oculus@1.8.1/Runtime/OculusLoader.cs Line: 243)

Mono: successfully reloaded assembly
- Completed reload, in  1.199 seconds
Platform modules already initialized, skipping
Switching build target platform(5) subTarget(0) extendedPlatform(0) -> platform(13) subTarget(524288) extendedPlatform(0)
Shader 'Universal Render Pipeline/Particles/Lit': fallback shader 'Universal Render Pipeline/Particles/SimpleLit' not found
Shader 'Universal Render Pipeline/Particles/Lit': fallback shader 'Universal Render Pipeline/Particles/SimpleLit' not found
Refreshing native plugins compatible for Editor in 0.71 ms, found 4 plugins.
Preloading 1 native plugins for Editor in 0.10 ms.
Unloading 2861 Unused Serialized files (Serialized files now loaded: 0)
System memory in use before: 126.1 MB.
System memory in use after: 124.0 MB.

Unloading 41 unused Assets to reduce memory usage. Loaded Objects now: 3383.
Total: 4.376900 ms (FindLiveObjects: 0.308100 ms CreateObjectMapping: 0.121900 ms MarkObjects: 2.437400 ms  DeleteObjects: 1.507800 ms)

AssetImportParameters requested are different than current active one (requested -> active):
  custom:graphics/normal-map-encoding: 01000000000000000000000000000000 -> 02000000000000000000000000000000
========================================================================
Received Prepare
Registering precompiled user dll's ...
Registered in 0.016198 seconds.
Begin MonoManager ReloadAssembly
Native extension for WindowsStandalone target not found
Refreshing native plugins compatible for Editor in 0.69 ms, found 4 plugins.
Preloading 1 native plugins for Editor in 0.10 ms.
Invoked RoslynAnalysisRunner static constructor.
RoslynAnalysisRunner will not be running.
RoslynAnalysisRunner has terminated.
NullReferenceException: Object reference not set to an instance of an object
  at Unity.XR.Oculus.OculusLoader.AssetPathToAbsolutePath (System.String assetPath) [0x00048] in C:\Users\omri2\OneDrive\Documents\GitHub\vr42\A\Library\PackageCache\com.unity.xr.oculus@1.8.1\Runtime\OculusLoader.cs:243 
  at Unity.XR.Oculus.OculusLoader.EditorLoadOVRPlugin () [0x0007b] in C:\Users\omri2\OneDrive\Documents\GitHub\vr42\A\Library\PackageCache\com.unity.xr.oculus@1.8.1\Runtime\OculusLoader.cs:228 

(Filename: Library/PackageCache/com.unity.xr.oculus@1.8.1/Runtime/OculusLoader.cs Line: 243)

Mono: successfully reloaded assembly
- Completed reload, in  1.238 seconds
Platform modules already initialized, skipping
Switching build target platform(5) subTarget(0) extendedPlatform(0) -> platform(13) subTarget(524288) extendedPlatform(0)
Shader 'Universal Render Pipeline/Particles/Lit': fallback shader 'Universal Render Pipeline/Particles/SimpleLit' not found
Shader 'Universal Render Pipeline/Particles/Lit': fallback shader 'Universal Render Pipeline/Particles/SimpleLit' not found
Refreshing native plugins compatible for Editor in 0.69 ms, found 4 plugins.
Preloading 1 native plugins for Editor in 0.10 ms.
Unloading 2861 Unused Serialized files (Serialized files now loaded: 0)
System memory in use before: 126.2 MB.
System memory in use after: 124.0 MB.

Unloading 41 unused Assets to reduce memory usage. Loaded Objects now: 3387.
Total: 4.395900 ms (FindLiveObjects: 0.272400 ms CreateObjectMapping: 0.150200 ms MarkObjects: 2.358200 ms  DeleteObjects: 1.613700 ms)

AssetImportParameters requested are different than current active one (requested -> active):
  custom:graphics/normal-map-encoding: 01000000000000000000000000000000 -> 02000000000000000000000000000000
========================================================================
Received Prepare
Registering precompiled user dll's ...
Registered in 0.023165 seconds.
Begin MonoManager ReloadAssembly
Native extension for WindowsStandalone target not found
Refreshing native plugins compatible for Editor in 0.82 ms, found 4 plugins.
Preloading 1 native plugins for Editor in 0.12 ms.
Invoked RoslynAnalysisRunner static constructor.
RoslynAnalysisRunner will not be running.
RoslynAnalysisRunner has terminated.
NullReferenceException: Object reference not set to an instance of an object
  at Unity.XR.Oculus.OculusLoader.AssetPathToAbsolutePath (System.String assetPath) [0x00048] in C:\Users\omri2\OneDrive\Documents\GitHub\vr42\A\Library\PackageCache\com.unity.xr.oculus@1.8.1\Runtime\OculusLoader.cs:243 
  at Unity.XR.Oculus.OculusLoader.EditorLoadOVRPlugin () [0x0007b] in C:\Users\omri2\OneDrive\Documents\GitHub\vr42\A\Library\PackageCache\com.unity.xr.oculus@1.8.1\Runtime\OculusLoader.cs:228 

(Filename: Library/PackageCache/com.unity.xr.oculus@1.8.1/Runtime/OculusLoader.cs Line: 243)

Mono: successfully reloaded assembly
- Completed reload, in  1.277 seconds
Platform modules already initialized, skipping
Switching build target platform(5) subTarget(0) extendedPlatform(0) -> platform(13) subTarget(524288) extendedPlatform(0)
Shader 'Universal Render Pipeline/Particles/Lit': fallback shader 'Universal Render Pipeline/Particles/SimpleLit' not found
Shader 'Universal Render Pipeline/Particles/Lit': fallback shader 'Universal Render Pipeline/Particles/SimpleLit' not found
Refreshing native plugins compatible for Editor in 0.71 ms, found 4 plugins.
Preloading 1 native plugins for Editor in 0.10 ms.
Unloading 2861 Unused Serialized files (Serialized files now loaded: 0)
System memory in use before: 126.2 MB.
System memory in use after: 124.0 MB.

Unloading 41 unused Assets to reduce memory usage. Loaded Objects now: 3391.
Total: 4.777800 ms (FindLiveObjects: 0.408800 ms CreateObjectMapping: 0.188500 ms MarkObjects: 2.597800 ms  DeleteObjects: 1.581800 ms)

AssetImportParameters requested are different than current active one (requested -> active):
  custom:graphics/normal-map-encoding: 01000000000000000000000000000000 -> 02000000000000000000000000000000
========================================================================
Received Prepare
Registering precompiled user dll's ...
Registered in 0.024852 seconds.
Begin MonoManager ReloadAssembly
Native extension for WindowsStandalone target not found
Refreshing native plugins compatible for Editor in 0.69 ms, found 4 plugins.
Preloading 1 native plugins for Editor in 0.10 ms.
Invoked RoslynAnalysisRunner static constructor.
RoslynAnalysisRunner will not be running.
RoslynAnalysisRunner has terminated.
NullReferenceException: Object reference not set to an instance of an object
  at Unity.XR.Oculus.OculusLoader.AssetPathToAbsolutePath (System.String assetPath) [0x00048] in C:\Users\omri2\OneDrive\Documents\GitHub\vr42\A\Library\PackageCache\com.unity.xr.oculus@1.8.1\Runtime\OculusLoader.cs:243 
  at Unity.XR.Oculus.OculusLoader.EditorLoadOVRPlugin () [0x0007b] in C:\Users\omri2\OneDrive\Documents\GitHub\vr42\A\Library\PackageCache\com.unity.xr.oculus@1.8.1\Runtime\OculusLoader.cs:228 

(Filename: Library/PackageCache/com.unity.xr.oculus@1.8.1/Runtime/OculusLoader.cs Line: 243)

Mono: successfully reloaded assembly
- Completed reload, in  1.208 seconds
Platform modules already initialized, skipping
Switching build target platform(5) subTarget(0) extendedPlatform(0) -> platform(13) subTarget(524288) extendedPlatform(0)
Shader 'Universal Render Pipeline/Particles/Lit': fallback shader 'Universal Render Pipeline/Particles/SimpleLit' not found
Shader 'Universal Render Pipeline/Particles/Lit': fallback shader 'Universal Render Pipeline/Particles/SimpleLit' not found
Refreshing native plugins compatible for Editor in 0.62 ms, found 4 plugins.
Preloading 1 native plugins for Editor in 0.12 ms.
Unloading 2861 Unused Serialized files (Serialized files now loaded: 0)
System memory in use before: 126.2 MB.
System memory in use after: 124.0 MB.

Unloading 41 unused Assets to reduce memory usage. Loaded Objects now: 3395.
Total: 4.064200 ms (FindLiveObjects: 0.308800 ms CreateObjectMapping: 0.166500 ms MarkObjects: 2.131700 ms  DeleteObjects: 1.456000 ms)

AssetImportParameters requested are different than current active one (requested -> active):
  custom:graphics/normal-map-encoding: 01000000000000000000000000000000 -> 02000000000000000000000000000000
========================================================================
Received Import Request.
  Time since last request: 78.355577 seconds.
  path: Assets/Scripts/InputMaster.inputactions
  artifactKey: Guid(a49002c81b0c0984298759d67f4bf1ac) Importer(815301076,1909f56bfc062723c751e8b465ee728b)
Start importing Assets/Scripts/InputMaster.inputactions using Guid(a49002c81b0c0984298759d67f4bf1ac) Importer(815301076,1909f56bfc062723c751e8b465ee728b)  -> (artifact id: '17ac3756da5b2cc18237044f6335079f') in 0.018898 seconds
  Import took 0.026694 seconds .

========================================================================
Received Import Request.
  Time since last request: 16.073337 seconds.
  path: Assets/Scripts/InputMaster.inputactions
  artifactKey: Guid(a49002c81b0c0984298759d67f4bf1ac) Importer(815301076,1909f56bfc062723c751e8b465ee728b)
Start importing Assets/Scripts/InputMaster.inputactions using Guid(a49002c81b0c0984298759d67f4bf1ac) Importer(815301076,1909f56bfc062723c751e8b465ee728b)  -> (artifact id: 'be402377fcbc57396978ea3c22df9cd3') in 0.003656 seconds
  Import took 0.011223 seconds .

========================================================================
Received Prepare
Registering precompiled user dll's ...
Registered in 0.016579 seconds.
Begin MonoManager ReloadAssembly
Native extension for WindowsStandalone target not found
Refreshing native plugins compatible for Editor in 0.68 ms, found 4 plugins.
Preloading 1 native plugins for Editor in 0.10 ms.
Invoked RoslynAnalysisRunner static constructor.
RoslynAnalysisRunner will not be running.
RoslynAnalysisRunner has terminated.
NullReferenceException: Object reference not set to an instance of an object
  at Unity.XR.Oculus.OculusLoader.AssetPathToAbsolutePath (System.String assetPath) [0x00048] in C:\Users\omri2\OneDrive\Documents\GitHub\vr42\A\Library\PackageCache\com.unity.xr.oculus@1.8.1\Runtime\OculusLoader.cs:243 
  at Unity.XR.Oculus.OculusLoader.EditorLoadOVRPlugin () [0x0007b] in C:\Users\omri2\OneDrive\Documents\GitHub\vr42\A\Library\PackageCache\com.unity.xr.oculus@1.8.1\Runtime\OculusLoader.cs:228 

(Filename: Library/PackageCache/com.unity.xr.oculus@1.8.1/Runtime/OculusLoader.cs Line: 243)

Mono: successfully reloaded assembly
- Completed reload, in  1.162 seconds
Platform modules already initialized, skipping
Switching build target platform(5) subTarget(0) extendedPlatform(0) -> platform(13) subTarget(524288) extendedPlatform(0)
Shader 'Universal Render Pipeline/Particles/Lit': fallback shader 'Universal Render Pipeline/Particles/SimpleLit' not found
Shader 'Universal Render Pipeline/Particles/Lit': fallback shader 'Universal Render Pipeline/Particles/SimpleLit' not found
Refreshing native plugins compatible for Editor in 0.66 ms, found 4 plugins.
Preloading 1 native plugins for Editor in 0.10 ms.
Unloading 2861 Unused Serialized files (Serialized files now loaded: 0)
System memory in use before: 126.2 MB.
System memory in use after: 124.0 MB.

Unloading 41 unused Assets to reduce memory usage. Loaded Objects now: 3399.
Total: 4.507100 ms (FindLiveObjects: 0.461300 ms CreateObjectMapping: 0.213200 ms MarkObjects: 2.265900 ms  DeleteObjects: 1.565300 ms)

AssetImportParameters requested are different than current active one (requested -> active):
  custom:graphics/normal-map-encoding: 01000000000000000000000000000000 -> 02000000000000000000000000000000
========================================================================
Received Prepare
Registering precompiled user dll's ...
Registered in 0.017028 seconds.
Begin MonoManager ReloadAssembly
Native extension for WindowsStandalone target not found
Refreshing native plugins compatible for Editor in 1.10 ms, found 4 plugins.
Preloading 1 native plugins for Editor in 0.52 ms.
Invoked RoslynAnalysisRunner static constructor.
RoslynAnalysisRunner will not be running.
RoslynAnalysisRunner has terminated.
NullReferenceException: Object reference not set to an instance of an object
  at Unity.XR.Oculus.OculusLoader.AssetPathToAbsolutePath (System.String assetPath) [0x00048] in C:\Users\omri2\OneDrive\Documents\GitHub\vr42\A\Library\PackageCache\com.unity.xr.oculus@1.8.1\Runtime\OculusLoader.cs:243 
  at Unity.XR.Oculus.OculusLoader.EditorLoadOVRPlugin () [0x0007b] in C:\Users\omri2\OneDrive\Documents\GitHub\vr42\A\Library\PackageCache\com.unity.xr.oculus@1.8.1\Runtime\OculusLoader.cs:228 

(Filename: Library/PackageCache/com.unity.xr.oculus@1.8.1/Runtime/OculusLoader.cs Line: 243)

Mono: successfully reloaded assembly
- Completed reload, in  1.217 seconds
Platform modules already initialized, skipping
Switching build target platform(5) subTarget(0) extendedPlatform(0) -> platform(13) subTarget(524288) extendedPlatform(0)
Shader 'Universal Render Pipeline/Particles/Lit': fallback shader 'Universal Render Pipeline/Particles/SimpleLit' not found
Shader 'Universal Render Pipeline/Particles/Lit': fallback shader 'Universal Render Pipeline/Particles/SimpleLit' not found
Refreshing native plugins compatible for Editor in 0.74 ms, found 4 plugins.
Preloading 1 native plugins for Editor in 0.09 ms.
Unloading 2861 Unused Serialized files (Serialized files now loaded: 0)
System memory in use before: 126.2 MB.
System memory in use after: 124.0 MB.

Unloading 41 unused Assets to reduce memory usage. Loaded Objects now: 3403.
Total: 5.290700 ms (FindLiveObjects: 0.284600 ms CreateObjectMapping: 0.143200 ms MarkObjects: 3.358200 ms  DeleteObjects: 1.502900 ms)

AssetImportParameters requested are different than current active one (requested -> active):
  custom:graphics/normal-map-encoding: 01000000000000000000000000000000 -> 02000000000000000000000000000000
========================================================================
Received Prepare
Registering precompiled user dll's ...
Registered in 0.023325 seconds.
Begin MonoManager ReloadAssembly
Native extension for WindowsStandalone target not found
Refreshing native plugins compatible for Editor in 0.68 ms, found 4 plugins.
Preloading 1 native plugins for Editor in 0.10 ms.
Invoked RoslynAnalysisRunner static constructor.
RoslynAnalysisRunner will not be running.
RoslynAnalysisRunner has terminated.
NullReferenceException: Object reference not set to an instance of an object
  at Unity.XR.Oculus.OculusLoader.AssetPathToAbsolutePath (System.String assetPath) [0x00048] in C:\Users\omri2\OneDrive\Documents\GitHub\vr42\A\Library\PackageCache\com.unity.xr.oculus@1.8.1\Runtime\OculusLoader.cs:243 
  at Unity.XR.Oculus.OculusLoader.EditorLoadOVRPlugin () [0x0007b] in C:\Users\omri2\OneDrive\Documents\GitHub\vr42\A\Library\PackageCache\com.unity.xr.oculus@1.8.1\Runtime\OculusLoader.cs:228 

(Filename: Library/PackageCache/com.unity.xr.oculus@1.8.1/Runtime/OculusLoader.cs Line: 243)

Mono: successfully reloaded assembly
- Completed reload, in  1.225 seconds
Platform modules already initialized, skipping
Switching build target platform(5) subTarget(0) extendedPlatform(0) -> platform(13) subTarget(524288) extendedPlatform(0)
Shader 'Universal Render Pipeline/Particles/Lit': fallback shader 'Universal Render Pipeline/Particles/SimpleLit' not found
Shader 'Universal Render Pipeline/Particles/Lit': fallback shader 'Universal Render Pipeline/Particles/SimpleLit' not found
Refreshing native plugins compatible for Editor in 0.72 ms, found 4 plugins.
Preloading 1 native plugins for Editor in 0.09 ms.
Unloading 2861 Unused Serialized files (Serialized files now loaded: 0)
System memory in use before: 126.2 MB.
System memory in use after: 124.0 MB.

Unloading 41 unused Assets to reduce memory usage. Loaded Objects now: 3407.
Total: 4.600500 ms (FindLiveObjects: 0.289000 ms CreateObjectMapping: 0.118900 ms MarkObjects: 2.522500 ms  DeleteObjects: 1.669000 ms)

AssetImportParameters requested are different than current active one (requested -> active):
  custom:graphics/normal-map-encoding: 01000000000000000000000000000000 -> 02000000000000000000000000000000
========================================================================
Received Import Request.
  Time since last request: 344.294254 seconds.
  path: Assets/Scripts/InputMaster.inputactions
  artifactKey: Guid(a49002c81b0c0984298759d67f4bf1ac) Importer(815301076,1909f56bfc062723c751e8b465ee728b)
Start importing Assets/Scripts/InputMaster.inputactions using Guid(a49002c81b0c0984298759d67f4bf1ac) Importer(815301076,1909f56bfc062723c751e8b465ee728b)  -> (artifact id: '0775f8098340237acbb2d55a0afc47f8') in 0.028830 seconds
  Import took 0.035318 seconds .

========================================================================
Received Import Request.
  Time since last request: 0.094337 seconds.
  path: Assets/Scripts/InputMaster.inputactions
  artifactKey: Guid(a49002c81b0c0984298759d67f4bf1ac) Importer(815301076,1909f56bfc062723c751e8b465ee728b)
Start importing Assets/Scripts/InputMaster.inputactions using Guid(a49002c81b0c0984298759d67f4bf1ac) Importer(815301076,1909f56bfc062723c751e8b465ee728b)  -> (artifact id: '0775f8098340237acbb2d55a0afc47f8') in 0.007011 seconds
  Import took 0.013757 seconds .

========================================================================
Received Prepare
Registering precompiled user dll's ...
Registered in 0.016880 seconds.
Begin MonoManager ReloadAssembly
Native extension for WindowsStandalone target not found
Refreshing native plugins compatible for Editor in 0.72 ms, found 4 plugins.
Preloading 1 native plugins for Editor in 0.12 ms.
Invoked RoslynAnalysisRunner static constructor.
RoslynAnalysisRunner will not be running.
RoslynAnalysisRunner has terminated.
NullReferenceException: Object reference not set to an instance of an object
  at Unity.XR.Oculus.OculusLoader.AssetPathToAbsolutePath (System.String assetPath) [0x00048] in C:\Users\omri2\OneDrive\Documents\GitHub\vr42\A\Library\PackageCache\com.unity.xr.oculus@1.8.1\Runtime\OculusLoader.cs:243 
  at Unity.XR.Oculus.OculusLoader.EditorLoadOVRPlugin () [0x0007b] in C:\Users\omri2\OneDrive\Documents\GitHub\vr42\A\Library\PackageCache\com.unity.xr.oculus@1.8.1\Runtime\OculusLoader.cs:228 

(Filename: Library/PackageCache/com.unity.xr.oculus@1.8.1/Runtime/OculusLoader.cs Line: 243)

Mono: successfully reloaded assembly
- Completed reload, in  1.149 seconds
Platform modules already initialized, skipping
Switching build target platform(5) subTarget(0) extendedPlatform(0) -> platform(13) subTarget(524288) extendedPlatform(0)
Shader 'Universal Render Pipeline/Particles/Lit': fallback shader 'Universal Render Pipeline/Particles/SimpleLit' not found
Shader 'Universal Render Pipeline/Particles/Lit': fallback shader 'Universal Render Pipeline/Particles/SimpleLit' not found
Refreshing native plugins compatible for Editor in 0.73 ms, found 4 plugins.
Preloading 1 native plugins for Editor in 0.10 ms.
Unloading 2861 Unused Serialized files (Serialized files now loaded: 0)
System memory in use before: 126.3 MB.
System memory in use after: 124.0 MB.

Unloading 41 unused Assets to reduce memory usage. Loaded Objects now: 3411.
Total: 5.021000 ms (FindLiveObjects: 0.375700 ms CreateObjectMapping: 0.216900 ms MarkObjects: 2.773800 ms  DeleteObjects: 1.652700 ms)

AssetImportParameters requested are different than current active one (requested -> active):
  custom:graphics/normal-map-encoding: 01000000000000000000000000000000 -> 02000000000000000000000000000000
========================================================================
Received Import Request.
  Time since last request: 54.373542 seconds.
  path: Assets/Scripts/InputMaster.inputactions
  artifactKey: Guid(a49002c81b0c0984298759d67f4bf1ac) Importer(815301076,1909f56bfc062723c751e8b465ee728b)
Start importing Assets/Scripts/InputMaster.inputactions using Guid(a49002c81b0c0984298759d67f4bf1ac) Importer(815301076,1909f56bfc062723c751e8b465ee728b)  -> (artifact id: 'e894405adf09b53ddd84bf70f9384f64') in 0.027299 seconds
  Import took 0.035536 seconds .

========================================================================
Received Import Request.
  Time since last request: 0.083688 seconds.
  path: Assets/Scripts/InputMaster.inputactions
  artifactKey: Guid(a49002c81b0c0984298759d67f4bf1ac) Importer(815301076,1909f56bfc062723c751e8b465ee728b)
Start importing Assets/Scripts/InputMaster.inputactions using Guid(a49002c81b0c0984298759d67f4bf1ac) Importer(815301076,1909f56bfc062723c751e8b465ee728b)  -> (artifact id: 'e894405adf09b53ddd84bf70f9384f64') in 0.005611 seconds
  Import took 0.012394 seconds .

========================================================================
Received Prepare
Registering precompiled user dll's ...
Registered in 0.013147 seconds.
Begin MonoManager ReloadAssembly
Native extension for WindowsStandalone target not found
Refreshing native plugins compatible for Editor in 0.69 ms, found 4 plugins.
Preloading 1 native plugins for Editor in 0.11 ms.
Invoked RoslynAnalysisRunner static constructor.
RoslynAnalysisRunner will not be running.
RoslynAnalysisRunner has terminated.
NullReferenceException: Object reference not set to an instance of an object
  at Unity.XR.Oculus.OculusLoader.AssetPathToAbsolutePath (System.String assetPath) [0x00048] in C:\Users\omri2\OneDrive\Documents\GitHub\vr42\A\Library\PackageCache\com.unity.xr.oculus@1.8.1\Runtime\OculusLoader.cs:243 
  at Unity.XR.Oculus.OculusLoader.EditorLoadOVRPlugin () [0x0007b] in C:\Users\omri2\OneDrive\Documents\GitHub\vr42\A\Library\PackageCache\com.unity.xr.oculus@1.8.1\Runtime\OculusLoader.cs:228 

(Filename: Library/PackageCache/com.unity.xr.oculus@1.8.1/Runtime/OculusLoader.cs Line: 243)

Mono: successfully reloaded assembly
- Completed reload, in  1.156 seconds
Platform modules already initialized, skipping
Switching build target platform(5) subTarget(0) extendedPlatform(0) -> platform(13) subTarget(524288) extendedPlatform(0)
Shader 'Universal Render Pipeline/Particles/Lit': fallback shader 'Universal Render Pipeline/Particles/SimpleLit' not found
Shader 'Universal Render Pipeline/Particles/Lit': fallback shader 'Universal Render Pipeline/Particles/SimpleLit' not found
Refreshing native plugins compatible for Editor in 0.78 ms, found 4 plugins.
Preloading 1 native plugins for Editor in 0.10 ms.
Unloading 2861 Unused Serialized files (Serialized files now loaded: 0)
System memory in use before: 126.2 MB.
System memory in use after: 124.0 MB.

Unloading 41 unused Assets to reduce memory usage. Loaded Objects now: 3415.
Total: 4.444600 ms (FindLiveObjects: 0.334600 ms CreateObjectMapping: 0.184000 ms MarkObjects: 2.381200 ms  DeleteObjects: 1.543300 ms)

AssetImportParameters requested are different than current active one (requested -> active):
  custom:graphics/normal-map-encoding: 01000000000000000000000000000000 -> 02000000000000000000000000000000
========================================================================
Received Prepare
Shader 'Universal Render Pipeline/Particles/Lit': fallback shader 'Universal Render Pipeline/Particles/SimpleLit' not found
Shader 'Universal Render Pipeline/Particles/Lit': fallback shader 'Universal Render Pipeline/Particles/SimpleLit' not found
Refreshing native plugins compatible for Editor in 2.75 ms, found 4 plugins.
Preloading 1 native plugins for Editor in 0.16 ms.
Unloading 38 Unused Serialized files (Serialized files now loaded: 0)
System memory in use before: 71.1 MB.
System memory in use after: 68.9 MB.

Unloading 38 unused Assets to reduce memory usage. Loaded Objects now: 3415.
Total: 7.337300 ms (FindLiveObjects: 0.636100 ms CreateObjectMapping: 0.329200 ms MarkObjects: 4.699500 ms  DeleteObjects: 1.670200 ms)

========================================================================
Received Import Request.
  Time since last request: 300.985384 seconds.
  path: Assets/Scripts/InputMaster.inputactions
  artifactKey: Guid(a49002c81b0c0984298759d67f4bf1ac) Importer(815301076,1909f56bfc062723c751e8b465ee728b)
Start importing Assets/Scripts/InputMaster.inputactions using Guid(a49002c81b0c0984298759d67f4bf1ac) Importer(815301076,1909f56bfc062723c751e8b465ee728b)  -> (artifact id: '6d397632eac6752219d077aafcae157f') in 0.066432 seconds
  Import took 0.075112 seconds .

========================================================================
Received Import Request.
  Time since last request: 0.045760 seconds.
  path: Assets/Scripts/InputMaster.inputactions
  artifactKey: Guid(a49002c81b0c0984298759d67f4bf1ac) Importer(815301076,1909f56bfc062723c751e8b465ee728b)
Start importing Assets/Scripts/InputMaster.inputactions using Guid(a49002c81b0c0984298759d67f4bf1ac) Importer(815301076,1909f56bfc062723c751e8b465ee728b)  -> (artifact id: '6d397632eac6752219d077aafcae157f') in 0.005592 seconds
  Import took 0.017745 seconds .

========================================================================
Received Prepare
Registering precompiled user dll's ...
Registered in 0.014276 seconds.
Begin MonoManager ReloadAssembly
Native extension for WindowsStandalone target not found
Refreshing native plugins compatible for Editor in 0.83 ms, found 4 plugins.
Preloading 1 native plugins for Editor in 0.13 ms.
Invoked RoslynAnalysisRunner static constructor.
RoslynAnalysisRunner will not be running.
RoslynAnalysisRunner has terminated.
NullReferenceException: Object reference not set to an instance of an object
  at Unity.XR.Oculus.OculusLoader.AssetPathToAbsolutePath (System.String assetPath) [0x00048] in C:\Users\omri2\OneDrive\Documents\GitHub\vr42\A\Library\PackageCache\com.unity.xr.oculus@1.8.1\Runtime\OculusLoader.cs:243 
  at Unity.XR.Oculus.OculusLoader.EditorLoadOVRPlugin () [0x0007b] in C:\Users\omri2\OneDrive\Documents\GitHub\vr42\A\Library\PackageCache\com.unity.xr.oculus@1.8.1\Runtime\OculusLoader.cs:228 

(Filename: Library/PackageCache/com.unity.xr.oculus@1.8.1/Runtime/OculusLoader.cs Line: 243)

Mono: successfully reloaded assembly
- Completed reload, in  1.589 seconds
Platform modules already initialized, skipping
Switching build target platform(5) subTarget(0) extendedPlatform(0) -> platform(13) subTarget(524288) extendedPlatform(0)
Shader 'Universal Render Pipeline/Particles/Lit': fallback shader 'Universal Render Pipeline/Particles/SimpleLit' not found
Shader 'Universal Render Pipeline/Particles/Lit': fallback shader 'Universal Render Pipeline/Particles/SimpleLit' not found
Refreshing native plugins compatible for Editor in 0.67 ms, found 4 plugins.
Preloading 1 native plugins for Editor in 0.11 ms.
Unloading 2861 Unused Serialized files (Serialized files now loaded: 0)
System memory in use before: 126.2 MB.
System memory in use after: 124.1 MB.

Unloading 41 unused Assets to reduce memory usage. Loaded Objects now: 3419.
Total: 4.498400 ms (FindLiveObjects: 0.345700 ms CreateObjectMapping: 0.155200 ms MarkObjects: 2.329700 ms  DeleteObjects: 1.666000 ms)

AssetImportParameters requested are different than current active one (requested -> active):
  custom:graphics/normal-map-encoding: 01000000000000000000000000000000 -> 02000000000000000000000000000000
========================================================================
Received Import Request.
  Time since last request: 94.660901 seconds.
  path: Assets/Scripts/InputMaster.inputactions
  artifactKey: Guid(a49002c81b0c0984298759d67f4bf1ac) Importer(815301076,1909f56bfc062723c751e8b465ee728b)
Start importing Assets/Scripts/InputMaster.inputactions using Guid(a49002c81b0c0984298759d67f4bf1ac) Importer(815301076,1909f56bfc062723c751e8b465ee728b)  -> (artifact id: '9942ab23e159864873dbe406b534f1b4') in 0.026745 seconds
  Import took 0.033958 seconds .

========================================================================
Received Import Request.
  Time since last request: 0.077298 seconds.
  path: Assets/Scripts/InputMaster.inputactions
  artifactKey: Guid(a49002c81b0c0984298759d67f4bf1ac) Importer(815301076,1909f56bfc062723c751e8b465ee728b)
Start importing Assets/Scripts/InputMaster.inputactions using Guid(a49002c81b0c0984298759d67f4bf1ac) Importer(815301076,1909f56bfc062723c751e8b465ee728b)  -> (artifact id: '9942ab23e159864873dbe406b534f1b4') in 0.006689 seconds
  Import took 0.013343 seconds .

========================================================================
Received Prepare
Registering precompiled user dll's ...
Registered in 0.017537 seconds.
Begin MonoManager ReloadAssembly
Native extension for WindowsStandalone target not found
Refreshing native plugins compatible for Editor in 0.70 ms, found 4 plugins.
Preloading 1 native plugins for Editor in 0.10 ms.
Invoked RoslynAnalysisRunner static constructor.
RoslynAnalysisRunner will not be running.
RoslynAnalysisRunner has terminated.
NullReferenceException: Object reference not set to an instance of an object
  at Unity.XR.Oculus.OculusLoader.AssetPathToAbsolutePath (System.String assetPath) [0x00048] in C:\Users\omri2\OneDrive\Documents\GitHub\vr42\A\Library\PackageCache\com.unity.xr.oculus@1.8.1\Runtime\OculusLoader.cs:243 
  at Unity.XR.Oculus.OculusLoader.EditorLoadOVRPlugin () [0x0007b] in C:\Users\omri2\OneDrive\Documents\GitHub\vr42\A\Library\PackageCache\com.unity.xr.oculus@1.8.1\Runtime\OculusLoader.cs:228 

(Filename: Library/PackageCache/com.unity.xr.oculus@1.8.1/Runtime/OculusLoader.cs Line: 243)

Mono: successfully reloaded assembly
- Completed reload, in  1.280 seconds
Platform modules already initialized, skipping
Switching build target platform(5) subTarget(0) extendedPlatform(0) -> platform(13) subTarget(524288) extendedPlatform(0)
Shader 'Universal Render Pipeline/Particles/Lit': fallback shader 'Universal Render Pipeline/Particles/SimpleLit' not found
Shader 'Universal Render Pipeline/Particles/Lit': fallback shader 'Universal Render Pipeline/Particles/SimpleLit' not found
Refreshing native plugins compatible for Editor in 0.68 ms, found 4 plugins.
Preloading 1 native plugins for Editor in 0.12 ms.
Unloading 2861 Unused Serialized files (Serialized files now loaded: 0)
System memory in use before: 126.3 MB.
System memory in use after: 124.1 MB.

Unloading 41 unused Assets to reduce memory usage. Loaded Objects now: 3423.
Total: 4.699000 ms (FindLiveObjects: 0.321800 ms CreateObjectMapping: 0.135600 ms MarkObjects: 2.558600 ms  DeleteObjects: 1.681400 ms)

AssetImportParameters requested are different than current active one (requested -> active):
  custom:graphics/normal-map-encoding: 01000000000000000000000000000000 -> 02000000000000000000000000000000
========================================================================
Received Prepare
Registering precompiled user dll's ...
Registered in 0.018317 seconds.
Begin MonoManager ReloadAssembly
Native extension for WindowsStandalone target not found
Refreshing native plugins compatible for Editor in 0.63 ms, found 4 plugins.
Preloading 1 native plugins for Editor in 0.11 ms.
Invoked RoslynAnalysisRunner static constructor.
RoslynAnalysisRunner will not be running.
RoslynAnalysisRunner has terminated.
NullReferenceException: Object reference not set to an instance of an object
  at Unity.XR.Oculus.OculusLoader.AssetPathToAbsolutePath (System.String assetPath) [0x00048] in C:\Users\omri2\OneDrive\Documents\GitHub\vr42\A\Library\PackageCache\com.unity.xr.oculus@1.8.1\Runtime\OculusLoader.cs:243 
  at Unity.XR.Oculus.OculusLoader.EditorLoadOVRPlugin () [0x0007b] in C:\Users\omri2\OneDrive\Documents\GitHub\vr42\A\Library\PackageCache\com.unity.xr.oculus@1.8.1\Runtime\OculusLoader.cs:228 

(Filename: Library/PackageCache/com.unity.xr.oculus@1.8.1/Runtime/OculusLoader.cs Line: 243)

Mono: successfully reloaded assembly
- Completed reload, in  1.296 seconds
Platform modules already initialized, skipping
Switching build target platform(5) subTarget(0) extendedPlatform(0) -> platform(13) subTarget(524288) extendedPlatform(0)
Shader 'Universal Render Pipeline/Particles/Lit': fallback shader 'Universal Render Pipeline/Particles/SimpleLit' not found
Shader 'Universal Render Pipeline/Particles/Lit': fallback shader 'Universal Render Pipeline/Particles/SimpleLit' not found
Refreshing native plugins compatible for Editor in 0.66 ms, found 4 plugins.
Preloading 1 native plugins for Editor in 0.13 ms.
Unloading 2861 Unused Serialized files (Serialized files now loaded: 0)
System memory in use before: 126.3 MB.
System memory in use after: 124.1 MB.

Unloading 41 unused Assets to reduce memory usage. Loaded Objects now: 3427.
Total: 12.218900 ms (FindLiveObjects: 0.987200 ms CreateObjectMapping: 0.447000 ms MarkObjects: 6.562100 ms  DeleteObjects: 4.218700 ms)

AssetImportParameters requested are different than current active one (requested -> active):
  custom:graphics/normal-map-encoding: 01000000000000000000000000000000 -> 02000000000000000000000000000000
========================================================================
Received Prepare
Registering precompiled user dll's ...
Registered in 0.016617 seconds.
Begin MonoManager ReloadAssembly
Native extension for WindowsStandalone target not found
Refreshing native plugins compatible for Editor in 0.64 ms, found 4 plugins.
Preloading 1 native plugins for Editor in 0.10 ms.
Invoked RoslynAnalysisRunner static constructor.
RoslynAnalysisRunner will not be running.
RoslynAnalysisRunner has terminated.
NullReferenceException: Object reference not set to an instance of an object
  at Unity.XR.Oculus.OculusLoader.AssetPathToAbsolutePath (System.String assetPath) [0x00048] in C:\Users\omri2\OneDrive\Documents\GitHub\vr42\A\Library\PackageCache\com.unity.xr.oculus@1.8.1\Runtime\OculusLoader.cs:243 
  at Unity.XR.Oculus.OculusLoader.EditorLoadOVRPlugin () [0x0007b] in C:\Users\omri2\OneDrive\Documents\GitHub\vr42\A\Library\PackageCache\com.unity.xr.oculus@1.8.1\Runtime\OculusLoader.cs:228 

(Filename: Library/PackageCache/com.unity.xr.oculus@1.8.1/Runtime/OculusLoader.cs Line: 243)

Mono: successfully reloaded assembly
- Completed reload, in  1.244 seconds
Platform modules already initialized, skipping
Switching build target platform(5) subTarget(0) extendedPlatform(0) -> platform(13) subTarget(524288) extendedPlatform(0)
Shader 'Universal Render Pipeline/Particles/Lit': fallback shader 'Universal Render Pipeline/Particles/SimpleLit' not found
Shader 'Universal Render Pipeline/Particles/Lit': fallback shader 'Universal Render Pipeline/Particles/SimpleLit' not found
Refreshing native plugins compatible for Editor in 0.65 ms, found 4 plugins.
Preloading 1 native plugins for Editor in 0.11 ms.
Unloading 2861 Unused Serialized files (Serialized files now loaded: 0)
System memory in use before: 126.2 MB.
System memory in use after: 124.1 MB.

Unloading 41 unused Assets to reduce memory usage. Loaded Objects now: 3431.
Total: 4.723700 ms (FindLiveObjects: 0.396500 ms CreateObjectMapping: 0.127100 ms MarkObjects: 2.680700 ms  DeleteObjects: 1.516900 ms)

AssetImportParameters requested are different than current active one (requested -> active):
  custom:graphics/normal-map-encoding: 01000000000000000000000000000000 -> 02000000000000000000000000000000
